TN:
SF:C:\Users\coz\Documents\PRJ\Hub\study-angular\angulario\specs.testing\src\polyfills.ts
FNF:0
FNH:0
LF:0
LH:0
BRF:0
BRH:0
end_of_record
TN:
SF:C:\Users\coz\Documents\PRJ\Hub\study-angular\angulario\specs.testing\src\test.ts
FNF:0
FNH:0
DA:13,1
DA:18,1
DA:20,1
LF:3
LH:3
BRF:0
BRH:0
end_of_record
TN:
SF:C:\Users\coz\Documents\PRJ\Hub\study-angular\angulario\specs.testing\src\app\app-initial.component.ts
FN:8,(anonymous_1)
FN:4,AppComponent
FNF:2
FNH:2
FNDA:1,(anonymous_1)
FNDA:6,AppComponent
DA:8,1
DA:9,6
DA:10,1
LF:3
LH:3
BRF:0
BRH:0
end_of_record
TN:
SF:C:\Users\coz\Documents\PRJ\Hub\study-angular\angulario\specs.testing\src\app\app-routing.module.ts
FN:16,(anonymous_1)
FNF:1
FNH:1
FNDA:4,(anonymous_1)
DA:16,1
LF:1
LH:1
BRF:0
BRH:0
end_of_record
TN:
SF:C:\Users\coz\Documents\PRJ\Hub\study-angular\angulario\specs.testing\src\app\app.component.ts
FN:6,(anonymous_1)
FNF:1
FNH:1
FNDA:13,(anonymous_1)
DA:6,1
LF:1
LH:1
BRF:0
BRH:0
end_of_record
TN:
SF:C:\Users\coz\Documents\PRJ\Hub\study-angular\angulario\specs.testing\src\app\app.module.ts
FN:50,(anonymous_1)
FNF:1
FNH:1
FNDA:7,(anonymous_1)
DA:50,1
LF:1
LH:1
BRF:0
BRH:0
end_of_record
TN:
SF:C:\Users\coz\Documents\PRJ\Hub\study-angular\angulario\specs.testing\src\app\in-memory-data.service.ts
FN:8,(anonymous_0)
FN:9,(anonymous_2)
FNF:2
FNH:1
FNDA:4,(anonymous_0)
FNDA:0,(anonymous_2)
DA:5,1
DA:8,1
DA:9,1
DA:10,0
DA:23,0
DA:25,1
LF:6
LH:4
BRF:0
BRH:0
end_of_record
TN:
SF:C:\Users\coz\Documents\PRJ\Hub\study-angular\angulario\specs.testing\src\app\about\about.component.ts
FN:9,(anonymous_1)
FNF:1
FNH:1
FNDA:4,(anonymous_1)
DA:9,1
LF:1
LH:1
BRF:0
BRH:0
end_of_record
TN:
SF:C:\Users\coz\Documents\PRJ\Hub\study-angular\angulario\specs.testing\src\app\banner\banner-external.component.ts
FN:8,(anonymous_1)
FN:3,BannerComponent
FNF:2
FNH:2
FNDA:1,(anonymous_1)
FNDA:6,BannerComponent
DA:8,1
DA:9,6
DA:10,1
LF:3
LH:3
BRF:0
BRH:0
end_of_record
TN:
SF:C:\Users\coz\Documents\PRJ\Hub\study-angular\angulario\specs.testing\src\app\banner\banner-initial.component.ts
FN:9,(anonymous_1)
FNF:1
FNH:1
FNDA:8,(anonymous_1)
DA:9,1
LF:1
LH:1
BRF:0
BRH:0
end_of_record
TN:
SF:C:\Users\coz\Documents\PRJ\Hub\study-angular\angulario\specs.testing\src\app\banner\banner.component.ts
FN:8,(anonymous_1)
FN:3,BannerComponent
FNF:2
FNH:2
FNDA:1,(anonymous_1)
FNDA:13,BannerComponent
DA:8,1
DA:9,13
DA:10,1
LF:3
LH:3
BRF:0
BRH:0
end_of_record
TN:
SF:C:\Users\coz\Documents\PRJ\Hub\study-angular\angulario\specs.testing\src\app\dashboard\dashboard-hero.component.ts
FN:13,(anonymous_2)
FN:5,DashboardHeroComponent
FN:16,(anonymous_4)
FNF:3
FNH:3
FNDA:1,(anonymous_2)
FNDA:19,DashboardHeroComponent
FNDA:7,(anonymous_4)
DA:13,1
DA:14,1
DA:15,20
DA:16,7
DA:17,1
LF:5
LH:5
BRF:0
BRH:0
end_of_record
TN:
SF:C:\Users\coz\Documents\PRJ\Hub\study-angular\angulario\specs.testing\src\app\dashboard\dashboard.component.ts
FN:12,(anonymous_2)
FN:16,DashboardComponent
FN:21,(anonymous_4)
FN:23,(anonymous_5)
FN:26,(anonymous_6)
FN:31,(anonymous_7)
FNF:6
FNH:6
FNDA:1,(anonymous_2)
FNDA:17,DashboardComponent
FNDA:13,(anonymous_4)
FNDA:13,(anonymous_5)
FNDA:3,(anonymous_6)
FNDA:34,(anonymous_7)
DA:12,1
DA:14,17
DA:17,17
DA:18,17
DA:21,13
DA:22,13
DA:23,13
DA:26,1
DA:27,3
DA:28,3
DA:31,1
DA:32,34
DA:33,34
DA:36,1
LF:14
LH:14
BRDA:33,0,0,22
BRDA:33,0,1,12
BRDA:34,1,0,0
BRDA:34,1,1,12
BRF:4
BRH:3
end_of_record
TN:
SF:C:\Users\coz\Documents\PRJ\Hub\study-angular\angulario\specs.testing\src\app\dashboard\dashboard.module.ts
FN:20,(anonymous_1)
FNF:1
FNH:1
FNDA:12,(anonymous_1)
DA:9,1
DA:20,1
LF:2
LH:2
BRF:0
BRH:0
end_of_record
TN:
SF:C:\Users\coz\Documents\PRJ\Hub\study-angular\angulario\specs.testing\src\app\demo\demo.ts
FN:14,(anonymous_4)
FN:20,(anonymous_6)
FN:19,ValueService
FN:23,(anonymous_8)
FN:24,(anonymous_9)
FN:26,(anonymous_10)
FN:28,(anonymous_11)
FN:30,(anonymous_12)
FN:36,(anonymous_13)
FN:37,MasterService
FN:38,(anonymous_15)
FN:46,(anonymous_16)
FN:47,(anonymous_18)
FN:62,(anonymous_19)
FN:86,(anonymous_21)
FN:73,BankAccountParentComponent
FN:98,(anonymous_23)
FN:92,LightswitchComponent
FN:100,(anonymous_25)
FN:101,(anonymous_26)
FN:108,(anonymous_27)
FN:104,Child1Component
FN:116,(anonymous_29)
FN:124,(anonymous_31)
FN:132,(anonymous_33)
FN:128,InputComponent
FN:153,(anonymous_35)
FN:152,InputValueBinderDirective
FN:162,(anonymous_37)
FN:171,(anonymous_38)
FN:165,InputValueBinderComponent
FN:179,(anonymous_40)
FN:185,(anonymous_42)
FN:181,IoComponent
FN:188,(anonymous_44)
FN:203,(anonymous_45)
FN:191,IoParentComponent
FN:206,(anonymous_47)
FN:213,(anonymous_48)
FN:209,MyIfComponent
FN:222,(anonymous_50)
FN:223,TestProvidersComponent
FN:232,(anonymous_52)
FN:233,TestViewProvidersComponent
FN:240,(anonymous_54)
FN:243,ExternalTemplateComponent
FN:245,(anonymous_56)
FN:257,(anonymous_57)
FN:260,(anonymous_59)
FN:277,(anonymous_61)
FN:266,MyIfChildComponent
FN:281,(anonymous_63)
FN:282,(anonymous_64)
FN:294,(anonymous_65)
FN:299,(anonymous_66)
FN:304,(anonymous_67)
FN:331,(anonymous_68)
FN:317,MyIfParentComponent
FN:337,(anonymous_70)
FN:342,(anonymous_71)
FN:356,(anonymous_72)
FN:349,ReversePipeComponent
FN:361,(anonymous_74)
FN:397,(anonymous_76)
FN:430,(anonymous_78)
FNF:65
FNH:62
FNDA:1,(anonymous_4)
FNDA:1,(anonymous_6)
FNDA:18,ValueService
FNDA:6,(anonymous_8)
FNDA:1,(anonymous_9)
FNDA:2,(anonymous_10)
FNDA:4,(anonymous_11)
FNDA:1,(anonymous_12)
FNDA:1,(anonymous_13)
FNDA:6,MasterService
FNDA:6,(anonymous_15)
FNDA:4,(anonymous_16)
FNDA:4,(anonymous_18)
FNDA:2,(anonymous_19)
FNDA:1,(anonymous_21)
FNDA:1,BankAccountParentComponent
FNDA:1,(anonymous_23)
FNDA:3,LightswitchComponent
FNDA:4,(anonymous_25)
FNDA:6,(anonymous_26)
FNDA:1,(anonymous_27)
FNDA:3,Child1Component
FNDA:3,(anonymous_29)
FNDA:2,(anonymous_31)
FNDA:1,(anonymous_33)
FNDA:3,InputComponent
FNDA:1,(anonymous_35)
FNDA:0,InputValueBinderDirective
FNDA:0,(anonymous_37)
FNDA:1,(anonymous_38)
FNDA:0,InputValueBinderComponent
FNDA:3,(anonymous_40)
FNDA:1,(anonymous_42)
FNDA:8,IoComponent
FNDA:1,(anonymous_44)
FNDA:1,(anonymous_45)
FNDA:2,IoParentComponent
FNDA:1,(anonymous_47)
FNDA:1,(anonymous_48)
FNDA:1,MyIfComponent
FNDA:1,(anonymous_50)
FNDA:2,TestProvidersComponent
FNDA:1,(anonymous_52)
FNDA:1,TestViewProvidersComponent
FNDA:1,(anonymous_54)
FNDA:1,ExternalTemplateComponent
FNDA:1,(anonymous_56)
FNDA:1,(anonymous_57)
FNDA:2,(anonymous_59)
FNDA:1,(anonymous_61)
FNDA:7,MyIfChildComponent
FNDA:19,(anonymous_63)
FNDA:1,(anonymous_64)
FNDA:7,(anonymous_65)
FNDA:7,(anonymous_66)
FNDA:9,(anonymous_67)
FNDA:1,(anonymous_68)
FNDA:9,MyIfParentComponent
FNDA:7,(anonymous_70)
FNDA:8,(anonymous_71)
FNDA:1,(anonymous_72)
FNDA:1,ReversePipeComponent
FNDA:2,(anonymous_74)
FNDA:1,(anonymous_76)
FNDA:12,(anonymous_78)
DA:14,1
DA:16,1
DA:20,1
DA:21,18
DA:23,6
DA:24,1
DA:26,2
DA:28,4
DA:30,1
DA:31,1
DA:33,1
DA:36,1
DA:37,6
DA:38,6
DA:39,1
DA:46,1
DA:47,1
DA:48,4
DA:49,65
DA:50,4
DA:52,1
DA:62,1
DA:63,1
DA:64,1
DA:70,1
DA:86,1
DA:87,1
DA:88,1
DA:89,1
DA:90,1
DA:98,1
DA:99,3
DA:100,4
DA:101,6
DA:102,1
DA:108,1
DA:109,4
DA:110,1
DA:116,1
DA:117,1
DA:118,1
DA:124,1
DA:125,1
DA:126,1
DA:132,1
DA:133,3
DA:134,1
DA:153,1
DA:156,1
DA:159,1
DA:162,2
DA:163,1
DA:171,1
DA:172,0
DA:173,1
DA:179,1
DA:185,1
DA:186,1
DA:187,9
DA:188,1
DA:189,1
DA:203,1
DA:204,2
DA:206,1
DA:207,1
DA:213,1
DA:214,1
DA:215,1
DA:222,1
DA:223,2
DA:224,1
DA:232,1
DA:233,1
DA:234,1
DA:240,1
DA:243,1
DA:245,1
DA:246,1
DA:248,1
DA:257,1
DA:260,1
DA:262,1
DA:263,1
DA:277,1
DA:278,8
DA:279,8
DA:281,19
DA:283,1
DA:284,1
DA:285,1
DA:288,7
DA:290,7
DA:291,7
DA:292,7
DA:294,1
DA:295,7
DA:296,7
DA:299,1
DA:300,7
DA:301,7
DA:304,1
DA:305,9
DA:306,9
DA:307,9
DA:308,9
DA:309,9
DA:310,9
DA:313,1
DA:331,1
DA:332,9
DA:333,9
DA:334,9
DA:335,9
DA:337,1
DA:338,7
DA:339,7
DA:342,1
DA:343,8
DA:344,8
DA:346,1
DA:356,1
DA:357,1
DA:358,1
DA:361,1
DA:397,1
DA:400,1
DA:415,1
DA:430,1
LF:128
LH:127
BRDA:101,0,0,3
BRDA:101,0,1,3
BRDA:246,1,0,1
BRDA:246,1,1,0
BRDA:283,2,0,0
BRDA:283,2,1,1
BRDA:344,3,0,7
BRDA:344,3,1,1
BRF:8
BRH:6
end_of_record
TN:
SF:C:\Users\coz\Documents\PRJ\Hub\study-angular\angulario\specs.testing\src\app\hero\hero-detail.component.ts
FN:14,(anonymous_2)
FN:15,HeroDetailComponent
FN:23,(anonymous_4)
FN:25,(anonymous_5)
FN:28,(anonymous_6)
FN:35,(anonymous_7)
FN:44,(anonymous_8)
FN:45,(anonymous_9)
FN:48,(anonymous_10)
FN:50,(anonymous_11)
FNF:10
FNH:10
FNDA:1,(anonymous_2)
FNDA:19,HeroDetailComponent
FNDA:18,(anonymous_4)
FNDA:30,(anonymous_5)
FNDA:30,(anonymous_6)
FNDA:16,(anonymous_7)
FNDA:5,(anonymous_8)
FNDA:5,(anonymous_9)
FNDA:2,(anonymous_10)
FNDA:8,(anonymous_11)
DA:14,1
DA:16,19
DA:17,19
DA:18,19
DA:21,1
DA:23,18
DA:25,30
DA:28,30
DA:30,30
DA:31,14
DA:32,14
DA:35,16
DA:36,16
DA:37,15
DA:39,1
DA:44,5
DA:45,5
DA:48,2
DA:50,1
DA:51,8
DA:53,1
LF:21
LH:21
BRDA:30,0,0,14
BRDA:30,0,1,16
BRDA:36,1,0,15
BRDA:36,1,1,1
BRF:4
BRH:4
end_of_record
TN:
SF:C:\Users\coz\Documents\PRJ\Hub\study-angular\angulario\specs.testing\src\app\hero\hero-detail.service.ts
FN:10,(anonymous_2)
FN:11,HeroDetailService
FN:14,(anonymous_4)
FN:19,(anonymous_5)
FN:25,(anonymous_6)
FNF:5
FNH:5
FNDA:1,(anonymous_2)
FNDA:11,HeroDetailService
FNDA:8,(anonymous_4)
FNDA:8,(anonymous_5)
FNDA:2,(anonymous_6)
DA:10,1
DA:11,11
DA:14,1
DA:15,8
DA:16,0
DA:18,8
DA:20,8
DA:25,1
DA:26,2
DA:28,1
LF:10
LH:9
BRDA:15,0,0,0
BRDA:15,0,1,8
BRDA:20,1,0,7
BRDA:20,1,1,1
BRF:4
BRH:3
end_of_record
TN:
SF:C:\Users\coz\Documents\PRJ\Hub\study-angular\angulario\specs.testing\src\app\hero\hero-list.component.ts
FN:14,(anonymous_2)
FN:18,HeroListComponent
FN:22,(anonymous_4)
FN:26,(anonymous_5)
FNF:4
FNH:4
FNDA:1,(anonymous_2)
FNDA:7,HeroListComponent
FNDA:7,(anonymous_4)
FNDA:2,(anonymous_5)
DA:14,1
DA:19,7
DA:20,7
DA:22,1
DA:23,7
DA:26,1
DA:27,2
DA:28,2
DA:30,1
LF:9
LH:9
BRF:0
BRH:0
end_of_record
TN:
SF:C:\Users\coz\Documents\PRJ\Hub\study-angular\angulario\specs.testing\src\app\hero\hero-routing.module.ts
FN:18,(anonymous_1)
FNF:1
FNH:1
FNDA:21,(anonymous_1)
DA:7,1
DA:12,1
DA:18,1
LF:3
LH:3
BRF:0
BRH:0
end_of_record
TN:
SF:C:\Users\coz\Documents\PRJ\Hub\study-angular\angulario\specs.testing\src\app\hero\hero.module.ts
FN:9,(anonymous_1)
FNF:1
FNH:1
FNDA:21,(anonymous_1)
DA:9,1
LF:1
LH:1
BRF:0
BRH:0
end_of_record
TN:
SF:C:\Users\coz\Documents\PRJ\Hub\study-angular\angulario\specs.testing\src\app\model\hero.service.ts
FN:14,(anonymous_2)
FN:18,HeroService
FN:21,(anonymous_4)
FN:24,(anonymous_5)
FN:30,(anonymous_6)
FN:37,(anonymous_7)
FN:38,(anonymous_8)
FN:49,(anonymous_9)
FN:51,(anonymous_10)
FN:56,(anonymous_11)
FN:61,(anonymous_12)
FN:67,(anonymous_13)
FN:69,(anonymous_14)
FN:78,(anonymous_15)
FN:79,(anonymous_16)
FN:94,(anonymous_17)
FNF:16
FNH:9
FNDA:1,(anonymous_2)
FNDA:34,HeroService
FNDA:8,(anonymous_4)
FNDA:6,(anonymous_5)
FNDA:0,(anonymous_6)
FNDA:0,(anonymous_7)
FNDA:0,(anonymous_8)
FNDA:0,(anonymous_9)
FNDA:0,(anonymous_10)
FNDA:0,(anonymous_11)
FNDA:0,(anonymous_12)
FNDA:3,(anonymous_13)
FNDA:1,(anonymous_14)
FNDA:11,(anonymous_15)
FNDA:4,(anonymous_16)
FNDA:7,(anonymous_17)
DA:9,1
DA:14,1
DA:16,34
DA:18,34
DA:21,8
DA:22,8
DA:24,6
DA:30,1
DA:31,0
DA:32,0
DA:34,0
DA:35,0
DA:37,0
DA:39,0
DA:40,0
DA:49,1
DA:50,0
DA:51,0
DA:56,1
DA:57,0
DA:58,0
DA:60,0
DA:61,0
DA:67,3
DA:68,3
DA:69,1
DA:78,11
DA:79,11
DA:82,4
DA:84,4
DA:89,4
DA:94,1
DA:95,7
DA:97,1
LF:34
LH:21
BRDA:31,0,0,0
BRDA:31,0,1,0
BRDA:39,1,0,0
BRDA:39,1,1,0
BRDA:57,2,0,0
BRDA:57,2,1,0
BRDA:78,3,0,0
BRDA:78,3,1,11
BRDA:85,4,0,1
BRDA:85,4,1,3
BRF:10
BRH:3
end_of_record
TN:
SF:C:\Users\coz\Documents\PRJ\Hub\study-angular\angulario\specs.testing\src\app\model\http-hero.service.ts
FN:12,(anonymous_2)
FN:15,HttpHeroService
FN:17,(anonymous_4)
FN:25,(anonymous_5)
FN:27,(anonymous_6)
FN:31,(anonymous_7)
FN:42,(anonymous_8)
FN:53,(anonymous_9)
FN:61,(anonymous_10)
FNF:9
FNH:5
FNDA:1,(anonymous_2)
FNDA:6,HttpHeroService
FNDA:4,(anonymous_4)
FNDA:0,(anonymous_5)
FNDA:0,(anonymous_6)
FNDA:0,(anonymous_7)
FNDA:0,(anonymous_8)
FNDA:4,(anonymous_9)
FNDA:1,(anonymous_10)
DA:12,1
DA:13,6
DA:15,6
DA:17,1
DA:18,4
DA:25,1
DA:26,0
DA:27,0
DA:31,1
DA:32,0
DA:33,0
DA:34,0
DA:36,0
DA:42,1
DA:43,0
DA:44,0
DA:45,0
DA:47,0
DA:53,1
DA:54,4
DA:55,1
DA:57,3
DA:58,3
DA:61,1
DA:63,1
DA:64,1
DA:65,1
DA:67,1
LF:28
LH:18
BRDA:54,0,0,1
BRDA:54,0,1,3
BRDA:54,1,0,4
BRDA:54,1,1,4
BRDA:58,2,0,3
BRDA:58,2,1,0
BRDA:63,3,0,1
BRDA:63,3,1,0
BRF:8
BRH:6
end_of_record
TN:
SF:C:\Users\coz\Documents\PRJ\Hub\study-angular\angulario\specs.testing\src\app\model\user.service.ts
FN:4,(anonymous_1)
FN:3,UserService
FNF:2
FNH:2
FNDA:1,(anonymous_1)
FNDA:6,UserService
DA:4,1
DA:5,6
DA:6,6
DA:7,1
LF:4
LH:4
BRF:0
BRH:0
end_of_record
TN:
SF:C:\Users\coz\Documents\PRJ\Hub\study-angular\angulario\specs.testing\src\app\model\testing\test-hero.service.ts
FN:22,(anonymous_8)
FN:24,TestHeroService
FN:31,(anonymous_10)
FN:35,(anonymous_11)
FN:39,(anonymous_12)
FN:43,(anonymous_13)
FN:47,(anonymous_14)
FN:51,(anonymous_15)
FN:53,(anonymous_16)
FNF:9
FNH:7
FNDA:1,(anonymous_8)
FNDA:25,TestHeroService
FNDA:0,(anonymous_10)
FNDA:0,(anonymous_11)
FNDA:12,(anonymous_12)
FNDA:10,(anonymous_13)
FNDA:15,(anonymous_14)
FNDA:2,(anonymous_15)
FNDA:2,(anonymous_16)
DA:22,1
DA:25,25
DA:28,25
DA:31,1
DA:32,0
DA:35,1
DA:36,0
DA:39,1
DA:40,12
DA:43,1
DA:44,10
DA:45,0
DA:47,15
DA:48,10
DA:51,1
DA:52,2
DA:54,2
DA:55,2
DA:57,0
DA:61,1
LF:20
LH:16
BRDA:25,0,0,25
BRDA:25,0,1,25
BRDA:44,1,0,0
BRDA:44,1,1,10
BRDA:54,2,0,2
BRDA:54,2,1,0
BRF:6
BRH:4
end_of_record
TN:
SF:C:\Users\coz\Documents\PRJ\Hub\study-angular\angulario\specs.testing\src\app\model\testing\test-heroes.ts
FN:4,getTestHeroes
FNF:1
FNH:1
FNDA:37,getTestHeroes
DA:5,37
LF:1
LH:1
BRF:0
BRH:0
end_of_record
TN:
SF:C:\Users\coz\Documents\PRJ\Hub\study-angular\angulario\specs.testing\src\app\shared\canvas.component.ts
FN:7,(anonymous_2)
FN:11,CanvasComponent
FN:13,(anonymous_4)
FN:20,(anonymous_5)
FNF:4
FNH:4
FNDA:1,(anonymous_2)
FNDA:1,CanvasComponent
FNDA:1,(anonymous_4)
FNDA:1,(anonymous_5)
DA:7,1
DA:9,1
DA:13,1
DA:14,1
DA:15,1
DA:16,1
DA:17,1
DA:18,1
DA:19,1
DA:20,1
DA:21,1
DA:25,1
LF:12
LH:12
BRDA:16,0,0,1
BRDA:16,0,1,0
BRF:2
BRH:1
end_of_record
TN:
SF:C:\Users\coz\Documents\PRJ\Hub\study-angular\angulario\specs.testing\src\app\shared\highlight.directive.ts
FN:6,(anonymous_2)
FN:12,HighlightDirective
FN:16,(anonymous_4)
FNF:3
FNH:3
FNDA:1,(anonymous_2)
FNDA:45,HighlightDirective
FNDA:45,(anonymous_4)
DA:6,1
DA:8,45
DA:10,1
DA:12,45
DA:13,45
DA:16,1
DA:17,45
DA:19,1
LF:8
LH:8
BRDA:17,0,0,45
BRDA:17,0,1,16
BRF:2
BRH:2
end_of_record
TN:
SF:C:\Users\coz\Documents\PRJ\Hub\study-angular\angulario\specs.testing\src\app\shared\shared.module.ts
FN:19,(anonymous_1)
FNF:1
FNH:1
FNDA:33,(anonymous_1)
DA:19,1
LF:1
LH:1
BRF:0
BRH:0
end_of_record
TN:
SF:C:\Users\coz\Documents\PRJ\Hub\study-angular\angulario\specs.testing\src\app\shared\title-case.pipe.ts
FN:5,(anonymous_1)
FN:6,(anonymous_3)
FN:8,(anonymous_4)
FNF:3
FNH:3
FNDA:17,(anonymous_1)
FNDA:31,(anonymous_3)
FNDA:26,(anonymous_4)
DA:5,1
DA:6,1
DA:7,31
DA:8,26
DA:10,1
LF:5
LH:5
BRDA:7,0,0,14
BRDA:7,0,1,17
BRF:2
BRH:2
end_of_record
TN:
SF:C:\Users\coz\Documents\PRJ\Hub\study-angular\angulario\specs.testing\src\app\twain\twain.component.ts
FN:19,(anonymous_2)
FN:23,TwainComponent
FN:25,(anonymous_4)
FN:29,(anonymous_5)
FN:33,(anonymous_6)
FN:35,(anonymous_7)
FNF:6
FNH:6
FNDA:1,(anonymous_2)
FNDA:14,TwainComponent
FNDA:12,(anonymous_4)
FNDA:12,(anonymous_5)
FNDA:3,(anonymous_6)
FNDA:3,(anonymous_7)
DA:19,1
DA:23,14
DA:25,1
DA:26,12
DA:29,12
DA:30,12
DA:31,12
DA:35,3
DA:36,3
DA:41,1
LF:10
LH:10
BRDA:35,0,0,3
BRDA:35,0,1,2
BRF:2
BRH:2
end_of_record
TN:
SF:C:\Users\coz\Documents\PRJ\Hub\study-angular\angulario\specs.testing\src\app\twain\twain.data.ts
FN:15,(anonymous_0)
FNF:1
FNH:1
FNDA:10,(anonymous_0)
DA:3,1
DA:15,10
LF:2
LH:2
BRF:0
BRH:0
end_of_record
TN:
SF:C:\Users\coz\Documents\PRJ\Hub\study-angular\angulario\specs.testing\src\app\twain\twain.service.ts
FN:11,(anonymous_2)
FN:12,TwainService
FN:16,(anonymous_4)
FN:17,(anonymous_5)
FN:22,(anonymous_6)
FN:24,(anonymous_7)
FN:27,(anonymous_8)
FN:28,(anonymous_9)
FNF:8
FNH:2
FNDA:1,(anonymous_2)
FNDA:3,TwainService
FNDA:0,(anonymous_4)
FNDA:0,(anonymous_5)
FNDA:0,(anonymous_6)
FNDA:0,(anonymous_7)
FNDA:0,(anonymous_8)
FNDA:0,(anonymous_9)
DA:11,1
DA:12,3
DA:14,3
DA:16,1
DA:17,0
DA:22,0
DA:24,0
DA:27,0
DA:29,0
DA:31,0
DA:32,0
DA:35,0
DA:36,0
DA:44,1
LF:14
LH:5
BRDA:29,0,0,0
BRDA:29,0,1,0
BRF:2
BRH:0
end_of_record
TN:
SF:C:\Users\coz\Documents\PRJ\Hub\study-angular\angulario\specs.testing\src\app\welcome\welcome.component.ts
FN:8,(anonymous_2)
FN:10,WelcomeComponent
FN:12,(anonymous_4)
FNF:3
FNH:3
FNDA:1,(anonymous_2)
FNDA:15,WelcomeComponent
FNDA:11,(anonymous_4)
DA:8,1
DA:10,15
DA:12,1
DA:13,11
DA:16,1
LF:5
LH:5
BRDA:14,0,0,9
BRDA:14,0,1,2
BRF:2
BRH:2
end_of_record
TN:
SF:C:\Users\coz\Documents\PRJ\Hub\study-angular\angulario\specs.testing\src\testing\activated-route-stub.ts
FN:11,(anonymous_0)
FN:16,ActivatedRouteStub
FN:24,(anonymous_2)
FNF:3
FNH:3
FNDA:1,(anonymous_0)
FNDA:19,ActivatedRouteStub
FNDA:31,(anonymous_2)
DA:11,1
DA:14,19
DA:17,19
DA:21,19
DA:24,1
DA:25,31
DA:27,1
LF:7
LH:7
BRF:0
BRH:0
end_of_record
TN:
SF:C:\Users\coz\Documents\PRJ\Hub\study-angular\angulario\specs.testing\src\testing\async-observable-helpers.ts
FN:17,asyncData
FN:18,(anonymous_1)
FN:23,asyncError
FN:24,(anonymous_3)
FNF:4
FNH:4
FNDA:56,asyncData
FNDA:57,(anonymous_1)
FNDA:2,asyncError
FNDA:2,(anonymous_3)
DA:18,57
DA:24,2
LF:2
LH:2
BRF:0
BRH:0
end_of_record
TN:
SF:C:\Users\coz\Documents\PRJ\Hub\study-angular\angulario\specs.testing\src\testing\index.ts
FN:12,advance
FN:23,newEvent
FN:37,click
FNF:3
FNH:2
FNDA:0,advance
FNDA:8,newEvent
FNDA:12,click
DA:13,0
DA:14,0
DA:23,16
DA:24,8
DA:25,8
DA:26,8
DA:31,1
DA:37,24
DA:38,12
DA:39,7
DA:41,5
LF:11
LH:9
BRDA:23,0,0,8
BRDA:23,0,1,0
BRDA:23,1,0,8
BRDA:23,1,1,0
BRDA:37,2,0,12
BRDA:37,2,1,0
BRDA:38,3,0,7
BRDA:38,3,1,5
BRF:8
BRH:5
end_of_record
TN:
SF:C:\Users\coz\Documents\PRJ\Hub\study-angular\angulario\specs.testing\src\testing\jasmine-matchers.ts
FN:6,addMatchers
FN:12,toHaveText
FN:14,(anonymous_2)
FN:20,composeMessage
FN:29,elementText
FNF:5
FNH:4
FNDA:629,addMatchers
FNDA:10,toHaveText
FNDA:10,(anonymous_2)
FNDA:0,composeMessage
FNDA:10,elementText
DA:7,629
DA:13,10
DA:15,10
DA:16,10
DA:17,10
DA:18,10
DA:21,0
DA:22,0
DA:23,0
DA:30,10
DA:31,0
DA:34,10
DA:35,0
DA:38,10
DA:39,0
DA:42,10
DA:44,10
LF:17
LH:11
BRDA:17,0,0,10
BRDA:17,0,1,0
BRDA:21,1,0,0
BRDA:21,1,1,0
BRDA:22,2,0,0
BRDA:22,2,1,0
BRDA:30,3,0,0
BRDA:30,3,1,10
BRDA:34,4,0,0
BRDA:34,4,1,10
BRDA:38,5,0,0
BRDA:38,5,1,10
BRDA:38,6,0,10
BRDA:38,6,1,0
BRDA:42,7,0,10
BRDA:42,7,1,0
BRF:16
BRH:6
end_of_record
TN:
SF:C:\Users\coz\Documents\PRJ\Hub\study-angular\angulario\specs.testing\src\testing\router-link-directive-stub.ts
FN:11,(anonymous_2)
FN:7,RouterLinkDirectiveStub
FN:15,(anonymous_4)
FN:28,(anonymous_5)
FNF:4
FNH:4
FNDA:1,(anonymous_2)
FNDA:27,RouterLinkDirectiveStub
FNDA:3,(anonymous_4)
FNDA:1,(anonymous_5)
DA:11,1
DA:12,1
DA:13,27
DA:15,1
DA:16,3
DA:18,1
DA:28,1
LF:7
LH:7
BRF:0
BRH:0
end_of_record
